app/build/intermediates/manifest_merge_blame_file/debug/manifest-merger-blame-debug-report.txt
1<?xml version="1.0" encoding="utf-8"?>
2<manifest xmlns:android="http://schemas.android.com/apk/res/android"
3    package="com.example.madcamp_week2"
4    android:versionCode="1"
5    android:versionName="1.0" >
6
7    <uses-sdk
8        android:minSdkVersion="24"
8-->src/main/AndroidManifest.xml
9        android:targetSdkVersion="33" />
9-->src/main/AndroidManifest.xml
10
11    <uses-permission android:name="android.permission.INTERNET" />
11-->src/main/AndroidManifest.xml:4:5-67
11-->src/main/AndroidManifest.xml:4:22-64
12
13    <permission
13-->[androidx.core:core:1.9.0] AndroidManifest.xml:22:5-24:47
14        android:name="com.example.madcamp_week2.DYNAMIC_RECEIVER_NOT_EXPORTED_PERMISSION"
14-->[androidx.core:core:1.9.0] AndroidManifest.xml:23:9-81
15        android:protectionLevel="signature" />
15-->[androidx.core:core:1.9.0] AndroidManifest.xml:24:9-44
16
17    <uses-permission android:name="com.example.madcamp_week2.DYNAMIC_RECEIVER_NOT_EXPORTED_PERMISSION" />
17-->[androidx.core:core:1.9.0] AndroidManifest.xml:26:5-97
17-->[androidx.core:core:1.9.0] AndroidManifest.xml:26:22-94
18
19    <application
19-->src/main/AndroidManifest.xml:5:5-42:19
20        android:allowBackup="true"
20-->src/main/AndroidManifest.xml:6:9-35
21        android:appComponentFactory="androidx.core.app.CoreComponentFactory"
21-->[androidx.core:core:1.9.0] AndroidManifest.xml:28:18-86
22        android:dataExtractionRules="@xml/data_extraction_rules"
22-->src/main/AndroidManifest.xml:7:9-65
23        android:debuggable="true"
24        android:extractNativeLibs="false"
25        android:fullBackupContent="@xml/backup_rules"
25-->src/main/AndroidManifest.xml:8:9-54
26        android:icon="@mipmap/ic_launcher"
26-->src/main/AndroidManifest.xml:9:9-43
27        android:label="@string/app_name"
27-->src/main/AndroidManifest.xml:10:9-41
28        android:roundIcon="@mipmap/ic_launcher_round"
28-->src/main/AndroidManifest.xml:11:9-54
29        android:supportsRtl="true"
29-->src/main/AndroidManifest.xml:12:9-35
30        android:testOnly="true"
31        android:theme="@style/Theme.AppCompat.Light.DarkActionBar" >
31-->src/main/AndroidManifest.xml:13:9-67
32        <activity
32-->src/main/AndroidManifest.xml:15:9-27:20
33            android:name="com.kakao.sdk.auth.AuthCodeHandlerActivity"
33-->src/main/AndroidManifest.xml:16:13-70
34            android:exported="true"
34-->src/main/AndroidManifest.xml:17:13-36
35            android:launchMode="singleTask"
35-->[com.kakao.sdk:v2-auth:2.0.1] AndroidManifest.xml:19:13-44
36            android:theme="@style/TransparentCompat" >
36-->[com.kakao.sdk:v2-auth:2.0.1] AndroidManifest.xml:20:13-53
37            <intent-filter>
37-->src/main/AndroidManifest.xml:18:13-26:29
38                <action android:name="android.intent.action.VIEW" />
38-->src/main/AndroidManifest.xml:19:17-69
38-->src/main/AndroidManifest.xml:19:25-66
39
40                <category android:name="android.intent.category.DEFAULT" />
40-->src/main/AndroidManifest.xml:20:17-76
40-->src/main/AndroidManifest.xml:20:27-73
41                <category android:name="android.intent.category.BROWSABLE" />
41-->src/main/AndroidManifest.xml:21:17-78
41-->src/main/AndroidManifest.xml:21:27-75
42
43                <data
43-->src/main/AndroidManifest.xml:23:17-25:78
44                    android:host="oauth"
44-->src/main/AndroidManifest.xml:24:21-41
45                    android:scheme="kakaof09be48f22f6a3ba7e4839bbab2d9604" />
45-->src/main/AndroidManifest.xml:25:21-75
46            </intent-filter>
47        </activity>
48        <activity android:name="com.example.madcamp_week2.SecondActivity" >
48-->src/main/AndroidManifest.xml:29:9-30:20
48-->src/main/AndroidManifest.xml:29:19-49
49        </activity>
50        <activity
50-->src/main/AndroidManifest.xml:31:9-41:20
51            android:name="com.example.madcamp_week2.MainActivity"
51-->src/main/AndroidManifest.xml:32:13-41
52            android:exported="true"
52-->src/main/AndroidManifest.xml:33:13-36
53            android:label="@string/app_name"
53-->src/main/AndroidManifest.xml:34:13-45
54            android:theme="@style/Theme.AppCompat.Light.DarkActionBar" >
54-->src/main/AndroidManifest.xml:35:13-71
55            <intent-filter>
55-->src/main/AndroidManifest.xml:36:13-40:29
56                <action android:name="android.intent.action.MAIN" />
56-->src/main/AndroidManifest.xml:37:17-69
56-->src/main/AndroidManifest.xml:37:25-66
57
58                <category android:name="android.intent.category.LAUNCHER" />
58-->src/main/AndroidManifest.xml:39:17-77
58-->src/main/AndroidManifest.xml:39:27-74
59            </intent-filter>
60        </activity>
61        <activity
61-->[androidx.compose.ui:ui-tooling:1.3.0] AndroidManifest.xml:23:9-25:39
62            android:name="androidx.compose.ui.tooling.PreviewActivity"
62-->[androidx.compose.ui:ui-tooling:1.3.0] AndroidManifest.xml:24:13-71
63            android:exported="true" />
63-->[androidx.compose.ui:ui-tooling:1.3.0] AndroidManifest.xml:25:13-36
64        <activity
64-->[com.kakao.sdk:v2-auth:2.0.1] AndroidManifest.xml:12:9-16:56
65            android:name="com.kakao.sdk.auth.TalkAuthCodeActivity"
65-->[com.kakao.sdk:v2-auth:2.0.1] AndroidManifest.xml:13:13-67
66            android:exported="false"
66-->[com.kakao.sdk:v2-auth:2.0.1] AndroidManifest.xml:14:13-37
67            android:launchMode="singleTask"
67-->[com.kakao.sdk:v2-auth:2.0.1] AndroidManifest.xml:15:13-44
68            android:theme="@style/TransparentCompat" />
68-->[com.kakao.sdk:v2-auth:2.0.1] AndroidManifest.xml:16:13-53
69        <activity
69-->[androidx.compose.ui:ui-test-manifest:1.3.0] AndroidManifest.xml:23:9-25:39
70            android:name="androidx.activity.ComponentActivity"
70-->[androidx.compose.ui:ui-test-manifest:1.3.0] AndroidManifest.xml:24:13-63
71            android:exported="true" />
71-->[androidx.compose.ui:ui-test-manifest:1.3.0] AndroidManifest.xml:25:13-36
72        <activity
72-->[com.google.android.gms:play-services-auth:20.2.0] AndroidManifest.xml:23:9-27:75
73            android:name="com.google.android.gms.auth.api.signin.internal.SignInHubActivity"
73-->[com.google.android.gms:play-services-auth:20.2.0] AndroidManifest.xml:24:13-93
74            android:excludeFromRecents="true"
74-->[com.google.android.gms:play-services-auth:20.2.0] AndroidManifest.xml:25:13-46
75            android:exported="false"
75-->[com.google.android.gms:play-services-auth:20.2.0] AndroidManifest.xml:26:13-37
76            android:theme="@android:style/Theme.Translucent.NoTitleBar" />
76-->[com.google.android.gms:play-services-auth:20.2.0] AndroidManifest.xml:27:13-72
77        <!--
78            Service handling Google Sign-In user revocation. For apps that do not integrate with
79            Google Sign-In, this service will never be started.
80        -->
81        <service
81-->[com.google.android.gms:play-services-auth:20.2.0] AndroidManifest.xml:33:9-37:51
82            android:name="com.google.android.gms.auth.api.signin.RevocationBoundService"
82-->[com.google.android.gms:play-services-auth:20.2.0] AndroidManifest.xml:34:13-89
83            android:exported="true"
83-->[com.google.android.gms:play-services-auth:20.2.0] AndroidManifest.xml:35:13-36
84            android:permission="com.google.android.gms.auth.api.signin.permission.REVOCATION_NOTIFICATION"
84-->[com.google.android.gms:play-services-auth:20.2.0] AndroidManifest.xml:36:13-107
85            android:visibleToInstantApps="true" />
85-->[com.google.android.gms:play-services-auth:20.2.0] AndroidManifest.xml:37:13-48
86
87        <activity
87-->[com.google.android.gms:play-services-base:18.0.1] AndroidManifest.xml:20:9-22:45
88            android:name="com.google.android.gms.common.api.GoogleApiActivity"
88-->[com.google.android.gms:play-services-base:18.0.1] AndroidManifest.xml:20:19-85
89            android:exported="false"
89-->[com.google.android.gms:play-services-base:18.0.1] AndroidManifest.xml:22:19-43
90            android:theme="@android:style/Theme.Translucent.NoTitleBar" />
90-->[com.google.android.gms:play-services-base:18.0.1] AndroidManifest.xml:21:19-78
91
92        <meta-data
92-->[com.google.android.gms:play-services-basement:18.0.0] AndroidManifest.xml:21:9-23:69
93            android:name="com.google.android.gms.version"
93-->[com.google.android.gms:play-services-basement:18.0.0] AndroidManifest.xml:22:13-58
94            android:value="@integer/google_play_services_version" />
94-->[com.google.android.gms:play-services-basement:18.0.0] AndroidManifest.xml:23:13-66
95
96        <provider
96-->[androidx.emoji2:emoji2:1.2.0] AndroidManifest.xml:24:9-32:20
97            android:name="androidx.startup.InitializationProvider"
97-->[androidx.emoji2:emoji2:1.2.0] AndroidManifest.xml:25:13-67
98            android:authorities="com.example.madcamp_week2.androidx-startup"
98-->[androidx.emoji2:emoji2:1.2.0] AndroidManifest.xml:26:13-68
99            android:exported="false" >
99-->[androidx.emoji2:emoji2:1.2.0] AndroidManifest.xml:27:13-37
100            <meta-data
100-->[androidx.emoji2:emoji2:1.2.0] AndroidManifest.xml:29:13-31:52
101                android:name="androidx.emoji2.text.EmojiCompatInitializer"
101-->[androidx.emoji2:emoji2:1.2.0] AndroidManifest.xml:30:17-75
102                android:value="androidx.startup" />
102-->[androidx.emoji2:emoji2:1.2.0] AndroidManifest.xml:31:17-49
103            <meta-data
103-->[androidx.lifecycle:lifecycle-process:2.4.1] AndroidManifest.xml:31:13-33:52
104                android:name="androidx.lifecycle.ProcessLifecycleInitializer"
104-->[androidx.lifecycle:lifecycle-process:2.4.1] AndroidManifest.xml:32:17-78
105                android:value="androidx.startup" />
105-->[androidx.lifecycle:lifecycle-process:2.4.1] AndroidManifest.xml:33:17-49
106            <meta-data
106-->[androidx.profileinstaller:profileinstaller:1.2.0] AndroidManifest.xml:30:13-32:52
107                android:name="androidx.profileinstaller.ProfileInstallerInitializer"
107-->[androidx.profileinstaller:profileinstaller:1.2.0] AndroidManifest.xml:31:17-85
108                android:value="androidx.startup" />
108-->[androidx.profileinstaller:profileinstaller:1.2.0] AndroidManifest.xml:32:17-49
109        </provider>
110
111        <receiver
111-->[androidx.profileinstaller:profileinstaller:1.2.0] AndroidManifest.xml:35:9-47:20
112            android:name="androidx.profileinstaller.ProfileInstallReceiver"
112-->[androidx.profileinstaller:profileinstaller:1.2.0] AndroidManifest.xml:36:13-76
113            android:directBootAware="false"
113-->[androidx.profileinstaller:profileinstaller:1.2.0] AndroidManifest.xml:37:13-44
114            android:enabled="true"
114-->[androidx.profileinstaller:profileinstaller:1.2.0] AndroidManifest.xml:38:13-35
115            android:exported="true"
115-->[androidx.profileinstaller:profileinstaller:1.2.0] AndroidManifest.xml:39:13-36
116            android:permission="android.permission.DUMP" >
116-->[androidx.profileinstaller:profileinstaller:1.2.0] AndroidManifest.xml:40:13-57
117            <intent-filter>
117-->[androidx.profileinstaller:profileinstaller:1.2.0] AndroidManifest.xml:41:13-43:29
118                <action android:name="androidx.profileinstaller.action.INSTALL_PROFILE" />
118-->[androidx.profileinstaller:profileinstaller:1.2.0] AndroidManifest.xml:42:17-91
118-->[androidx.profileinstaller:profileinstaller:1.2.0] AndroidManifest.xml:42:25-88
119            </intent-filter>
120            <intent-filter>
120-->[androidx.profileinstaller:profileinstaller:1.2.0] AndroidManifest.xml:44:13-46:29
121                <action android:name="androidx.profileinstaller.action.SKIP_FILE" />
121-->[androidx.profileinstaller:profileinstaller:1.2.0] AndroidManifest.xml:45:17-85
121-->[androidx.profileinstaller:profileinstaller:1.2.0] AndroidManifest.xml:45:25-82
122            </intent-filter>
123        </receiver>
124    </application>
125
126</manifest>